INFO  2016-07-06 11:57:18,845 [WrapperListener_start_runner] org.mule.module.launcher.application.DefaultMuleApplication: 
++++++++++++++++++++++++++++++++++++++++++++++++++++++++++++
+ Initializing app 'default'                               +
++++++++++++++++++++++++++++++++++++++++++++++++++++++++++++
INFO  2016-07-06 11:57:19,099 [WrapperListener_start_runner] org.mule.lifecycle.AbstractLifecycleManager: Initialising RegistryBroker
INFO  2016-07-06 11:57:19,296 [WrapperListener_start_runner] org.mule.module.extension.internal.manager.DefaultExtensionManager: Starting discovery of extensions
INFO  2016-07-06 11:57:19,533 [WrapperListener_start_runner] org.mule.module.extension.internal.manager.DefaultExtensionManager: Discovered 1 extensions
INFO  2016-07-06 11:57:19,534 [WrapperListener_start_runner] org.mule.module.extension.internal.manager.DefaultExtensionManager: Registering extension validation (version 3.8)
INFO  2016-07-06 11:57:19,677 [WrapperListener_start_runner] org.mule.config.spring.MuleArtifactContext: Refreshing org.mule.config.spring.MuleArtifactContext@4e5fed67: startup date [Wed Jul 06 11:57:19 UTC 2016]; root of context hierarchy
INFO  2016-07-06 11:57:21,220 [WrapperListener_start_runner] org.mule.config.spring.processors.NoDevkitInjectorProcessor: JSR-330 'javax.inject.Inject' annotation found and supported for autowiring
WARN  2016-07-06 11:57:22,407 [WrapperListener_start_runner] org.mule.module.ognl.expression.OgnlExpressionEvaluator: OGNL module is deprecated and will be removed in Mule 4.0. Use MEL expressions instead.
INFO  2016-07-06 11:57:22,582 [WrapperListener_start_runner] org.mule.lifecycle.AbstractLifecycleManager: Initialising model: _muleSystemModel
INFO  2016-07-06 11:57:22,611 [WrapperListener_start_runner] org.mule.util.journal.TransactionJournal: Using files for tx logs /opt/mule/./.mule/default/queue-tx-log/tx1.log and /opt/mule/./.mule/default/queue-tx-log/tx2.log
INFO  2016-07-06 11:57:22,629 [WrapperListener_start_runner] org.mule.util.journal.TransactionJournal: Using files for tx logs /opt/mule/./.mule/default/queue-xa-tx-log/tx1.log and /opt/mule/./.mule/default/queue-xa-tx-log/tx2.log
INFO  2016-07-06 11:57:23,104 [WrapperListener_start_runner] org.mule.config.spring.SpringXmlConfigurationBuilder: Configured Mule using "org.mule.config.spring.SpringXmlConfigurationBuilder" with configuration resource(s): "[ConfigResource{resourceName='/opt/mule/apps/default/mule-config.xml'}]"
INFO  2016-07-06 11:57:23,104 [WrapperListener_start_runner] org.mule.config.builders.AutoConfigurationBuilder: Configured Mule using "org.mule.config.builders.AutoConfigurationBuilder" with configuration resource(s): "[ConfigResource{resourceName='/opt/mule/apps/default/mule-config.xml'}]"
INFO  2016-07-06 11:57:23,106 [WrapperListener_start_runner] org.mule.module.launcher.application.DefaultMuleApplication: 
++++++++++++++++++++++++++++++++++++++++++++++++++++++++++++
+ Starting app 'default'                                   +
++++++++++++++++++++++++++++++++++++++++++++++++++++++++++++
INFO  2016-07-06 11:57:23,108 [WrapperListener_start_runner] org.mule.util.queue.QueueXaResourceManager: Starting ResourceManager
INFO  2016-07-06 11:57:23,108 [WrapperListener_start_runner] org.mule.util.queue.QueueXaResourceManager: Started ResourceManager
INFO  2016-07-06 11:57:23,130 [WrapperListener_start_runner] org.mule.lifecycle.AbstractLifecycleManager: Starting model: _muleSystemModel
INFO  2016-07-06 11:57:23,189 [WrapperListener_start_runner] org.mule.DefaultMuleContext: 
**********************************************************************
* Application: default                                               *
* OS encoding: /, Mule encoding: UTF-8                               *
*                                                                    *
* Agents Running:                                                    *
*   JMX Agent                                                        *
*   Wrapper Manager: Mule PID #140, Wrapper PID #138                 *
**********************************************************************
